2023-02-03 22:09:46 DEBUG TelegramBot:28 - hello
2023-02-03 22:16:33 DEBUG TelegramBot:31 - hello
2023-02-04 17:49:44 DEBUG UpdateProducerImpl:12 - hello
2023-02-04 17:51:23 DEBUG UpdateProducerImpl:12 - 🅰️
2023-02-04 17:51:50 ERROR UpdateController:38 - Unsupported message type is Received: Update(updateId=446305244, message=null, inlineQuery=null, chosenInlineQuery=null, callbackQuery=null, editedMessage=Message(messageId=97, from=User(id=365908607, firstName=Макс, isBot=false, lastName=Ротар, userName=make20000, languageCode=en, canJoinGroups=null, canReadAllGroupMessages=null, supportInlineQueries=null, isPremium=null, addedToAttachmentMenu=null), date=1675533083, chat=Chat(id=365908607, type=private, title=null, firstName=Макс, lastName=Ротар, userName=make20000, photo=null, description=null, inviteLink=null, pinnedMessage=null, stickerSetName=null, canSetStickerSet=null, permissions=null, slowModeDelay=null, bio=null, linkedChatId=null, location=null, messageAutoDeleteTime=null, hasPrivateForwards=null, HasProtectedContent=null, joinToSendMessages=null, joinByRequest=null), forwardFrom=null, forwardFromChat=null, forwardDate=null, text=we, entities=null, captionEntities=null, audio=null, document=null, photo=null, sticker=null, video=null, contact=null, location=null, venue=null, animation=null, pinnedMessage=null, newChatMembers=[], leftChatMember=null, newChatTitle=null, newChatPhoto=null, deleteChatPhoto=null, groupchatCreated=null, replyToMessage=null, voice=null, caption=null, superGroupCreated=null, channelChatCreated=null, migrateToChatId=null, migrateFromChatId=null, editDate=1675533110, game=null, forwardFromMessageId=null, invoice=null, successfulPayment=null, videoNote=null, authorSignature=null, forwardSignature=null, mediaGroupId=null, connectedWebsite=null, passportData=null, forwardSenderName=null, poll=null, replyMarkup=null, dice=null, viaBot=null, senderChat=null, proximityAlertTriggered=null, messageAutoDeleteTimerChanged=null, isAutomaticForward=null, hasProtectedContent=null, webAppData=null, videoChatStarted=null, videoChatEnded=null, videoChatParticipantsInvited=null, videoChatScheduled=null), channelPost=null, editedChannelPost=null, shippingQuery=null, preCheckoutQuery=null, poll=null, pollAnswer=null, myChatMember=null, chatMember=null, chatJoinRequest=null)
2023-02-04 17:52:26 DEBUG UpdateProducerImpl:12 - 
2023-02-04 17:53:01 DEBUG UpdateProducerImpl:12 - 
2023-02-04 19:00:31 DEBUG UpdateProducerImpl:19 - hello 1
2023-02-04 23:05:48 DEBUG UpdateProducerImpl:19 - hello
2023-02-04 23:06:08 DEBUG UpdateProducerImpl:19 - hello
2023-02-06 22:35:07 DEBUG UpdateProducerImpl:19 - Hello bitches
2023-02-06 22:38:58 DEBUG UpdateProducerImpl:19 - Hello from Uk
2023-02-07 22:32:26 DEBUG UpdateProducerImpl:19 - Privet vsem!
2023-02-08 21:09:21 DEBUG UpdateProducerImpl:19 - ase
2023-02-08 21:09:30 DEBUG UpdateProducerImpl:19 - /help
2023-02-08 21:09:38 DEBUG UpdateProducerImpl:19 - /help
2023-02-08 21:09:58 DEBUG UpdateProducerImpl:19 - /help
2023-02-08 21:13:18 DEBUG UpdateProducerImpl:19 - hello
2023-02-08 21:13:20 DEBUG UpdateProducerImpl:19 - /help
2023-02-08 21:13:29 DEBUG UpdateProducerImpl:19 - /start
2023-02-08 21:14:38 ERROR UpdateController:38 - Unsupported message type is Received: Update(updateId=446305260, message=null, inlineQuery=null, chosenInlineQuery=null, callbackQuery=null, editedMessage=null, channelPost=null, editedChannelPost=null, shippingQuery=null, preCheckoutQuery=null, poll=null, pollAnswer=null, myChatMember=ChatMemberUpdated(chat=Chat(id=365908607, type=private, title=null, firstName=Макс, lastName=Ротар, userName=make20000, photo=null, description=null, inviteLink=null, pinnedMessage=null, stickerSetName=null, canSetStickerSet=null, permissions=null, slowModeDelay=null, bio=null, linkedChatId=null, location=null, messageAutoDeleteTime=null, hasPrivateForwards=null, HasProtectedContent=null, joinToSendMessages=null, joinByRequest=null), from=User(id=365908607, firstName=Макс, isBot=false, lastName=Ротар, userName=make20000, languageCode=en, canJoinGroups=null, canReadAllGroupMessages=null, supportInlineQueries=null, isPremium=null, addedToAttachmentMenu=null), date=1675890878, oldChatMember=ChatMemberMember(status=member, user=User(id=5813628103, firstName=Bagadelnya, isBot=true, lastName=null, userName=bagadelinya_u_bukivka_bot, languageCode=null, canJoinGroups=null, canReadAllGroupMessages=null, supportInlineQueries=null, isPremium=null, addedToAttachmentMenu=null)), newChatMember=ChatMemberBanned(status=kicked, user=User(id=5813628103, firstName=Bagadelnya, isBot=true, lastName=null, userName=bagadelinya_u_bukivka_bot, languageCode=null, canJoinGroups=null, canReadAllGroupMessages=null, supportInlineQueries=null, isPremium=null, addedToAttachmentMenu=null), untilDate=0), inviteLink=null), chatMember=null, chatJoinRequest=null)
2023-02-08 21:14:40 ERROR UpdateController:38 - Unsupported message type is Received: Update(updateId=446305261, message=null, inlineQuery=null, chosenInlineQuery=null, callbackQuery=null, editedMessage=null, channelPost=null, editedChannelPost=null, shippingQuery=null, preCheckoutQuery=null, poll=null, pollAnswer=null, myChatMember=ChatMemberUpdated(chat=Chat(id=365908607, type=private, title=null, firstName=Макс, lastName=Ротар, userName=make20000, photo=null, description=null, inviteLink=null, pinnedMessage=null, stickerSetName=null, canSetStickerSet=null, permissions=null, slowModeDelay=null, bio=null, linkedChatId=null, location=null, messageAutoDeleteTime=null, hasPrivateForwards=null, HasProtectedContent=null, joinToSendMessages=null, joinByRequest=null), from=User(id=365908607, firstName=Макс, isBot=false, lastName=Ротар, userName=make20000, languageCode=en, canJoinGroups=null, canReadAllGroupMessages=null, supportInlineQueries=null, isPremium=null, addedToAttachmentMenu=null), date=1675890880, oldChatMember=ChatMemberBanned(status=kicked, user=User(id=5813628103, firstName=Bagadelnya, isBot=true, lastName=null, userName=bagadelinya_u_bukivka_bot, languageCode=null, canJoinGroups=null, canReadAllGroupMessages=null, supportInlineQueries=null, isPremium=null, addedToAttachmentMenu=null), untilDate=0), newChatMember=ChatMemberMember(status=member, user=User(id=5813628103, firstName=Bagadelnya, isBot=true, lastName=null, userName=bagadelinya_u_bukivka_bot, languageCode=null, canJoinGroups=null, canReadAllGroupMessages=null, supportInlineQueries=null, isPremium=null, addedToAttachmentMenu=null)), inviteLink=null), chatMember=null, chatJoinRequest=null)
2023-02-08 21:14:40 DEBUG UpdateProducerImpl:19 - /start
2023-02-08 21:16:01 ERROR UpdateController:38 - Unsupported message type is Received: Update(updateId=446305263, message=null, inlineQuery=null, chosenInlineQuery=null, callbackQuery=null, editedMessage=null, channelPost=null, editedChannelPost=null, shippingQuery=null, preCheckoutQuery=null, poll=null, pollAnswer=null, myChatMember=ChatMemberUpdated(chat=Chat(id=365908607, type=private, title=null, firstName=Макс, lastName=Ротар, userName=make20000, photo=null, description=null, inviteLink=null, pinnedMessage=null, stickerSetName=null, canSetStickerSet=null, permissions=null, slowModeDelay=null, bio=null, linkedChatId=null, location=null, messageAutoDeleteTime=null, hasPrivateForwards=null, HasProtectedContent=null, joinToSendMessages=null, joinByRequest=null), from=User(id=365908607, firstName=Макс, isBot=false, lastName=Ротар, userName=make20000, languageCode=en, canJoinGroups=null, canReadAllGroupMessages=null, supportInlineQueries=null, isPremium=null, addedToAttachmentMenu=null), date=1675890961, oldChatMember=ChatMemberMember(status=member, user=User(id=5813628103, firstName=Bagadelnya, isBot=true, lastName=null, userName=bagadelinya_u_bukivka_bot, languageCode=null, canJoinGroups=null, canReadAllGroupMessages=null, supportInlineQueries=null, isPremium=null, addedToAttachmentMenu=null)), newChatMember=ChatMemberBanned(status=kicked, user=User(id=5813628103, firstName=Bagadelnya, isBot=true, lastName=null, userName=bagadelinya_u_bukivka_bot, languageCode=null, canJoinGroups=null, canReadAllGroupMessages=null, supportInlineQueries=null, isPremium=null, addedToAttachmentMenu=null), untilDate=0), inviteLink=null), chatMember=null, chatJoinRequest=null)
2023-02-08 21:16:03 ERROR UpdateController:38 - Unsupported message type is Received: Update(updateId=446305264, message=null, inlineQuery=null, chosenInlineQuery=null, callbackQuery=null, editedMessage=null, channelPost=null, editedChannelPost=null, shippingQuery=null, preCheckoutQuery=null, poll=null, pollAnswer=null, myChatMember=ChatMemberUpdated(chat=Chat(id=365908607, type=private, title=null, firstName=Макс, lastName=Ротар, userName=make20000, photo=null, description=null, inviteLink=null, pinnedMessage=null, stickerSetName=null, canSetStickerSet=null, permissions=null, slowModeDelay=null, bio=null, linkedChatId=null, location=null, messageAutoDeleteTime=null, hasPrivateForwards=null, HasProtectedContent=null, joinToSendMessages=null, joinByRequest=null), from=User(id=365908607, firstName=Макс, isBot=false, lastName=Ротар, userName=make20000, languageCode=en, canJoinGroups=null, canReadAllGroupMessages=null, supportInlineQueries=null, isPremium=null, addedToAttachmentMenu=null), date=1675890963, oldChatMember=ChatMemberBanned(status=kicked, user=User(id=5813628103, firstName=Bagadelnya, isBot=true, lastName=null, userName=bagadelinya_u_bukivka_bot, languageCode=null, canJoinGroups=null, canReadAllGroupMessages=null, supportInlineQueries=null, isPremium=null, addedToAttachmentMenu=null), untilDate=0), newChatMember=ChatMemberMember(status=member, user=User(id=5813628103, firstName=Bagadelnya, isBot=true, lastName=null, userName=bagadelinya_u_bukivka_bot, languageCode=null, canJoinGroups=null, canReadAllGroupMessages=null, supportInlineQueries=null, isPremium=null, addedToAttachmentMenu=null)), inviteLink=null), chatMember=null, chatJoinRequest=null)
2023-02-08 21:16:03 DEBUG UpdateProducerImpl:19 - /start
2023-02-08 21:16:08 DEBUG UpdateProducerImpl:19 - /help
2023-02-08 21:20:34 DEBUG UpdateProducerImpl:19 - /help
2023-02-08 21:20:37 DEBUG UpdateProducerImpl:19 - /help
2023-02-08 21:23:14 ERROR UpdateController:38 - Unsupported message type is Received: Update(updateId=446305269, message=null, inlineQuery=null, chosenInlineQuery=null, callbackQuery=null, editedMessage=null, channelPost=null, editedChannelPost=null, shippingQuery=null, preCheckoutQuery=null, poll=null, pollAnswer=null, myChatMember=ChatMemberUpdated(chat=Chat(id=365908607, type=private, title=null, firstName=Макс, lastName=Ротар, userName=make20000, photo=null, description=null, inviteLink=null, pinnedMessage=null, stickerSetName=null, canSetStickerSet=null, permissions=null, slowModeDelay=null, bio=null, linkedChatId=null, location=null, messageAutoDeleteTime=null, hasPrivateForwards=null, HasProtectedContent=null, joinToSendMessages=null, joinByRequest=null), from=User(id=365908607, firstName=Макс, isBot=false, lastName=Ротар, userName=make20000, languageCode=en, canJoinGroups=null, canReadAllGroupMessages=null, supportInlineQueries=null, isPremium=null, addedToAttachmentMenu=null), date=1675891394, oldChatMember=ChatMemberMember(status=member, user=User(id=5813628103, firstName=Bagadelnya, isBot=true, lastName=null, userName=bagadelinya_u_bukivka_bot, languageCode=null, canJoinGroups=null, canReadAllGroupMessages=null, supportInlineQueries=null, isPremium=null, addedToAttachmentMenu=null)), newChatMember=ChatMemberBanned(status=kicked, user=User(id=5813628103, firstName=Bagadelnya, isBot=true, lastName=null, userName=bagadelinya_u_bukivka_bot, languageCode=null, canJoinGroups=null, canReadAllGroupMessages=null, supportInlineQueries=null, isPremium=null, addedToAttachmentMenu=null), untilDate=0), inviteLink=null), chatMember=null, chatJoinRequest=null)
2023-02-08 21:23:15 ERROR UpdateController:38 - Unsupported message type is Received: Update(updateId=446305270, message=null, inlineQuery=null, chosenInlineQuery=null, callbackQuery=null, editedMessage=null, channelPost=null, editedChannelPost=null, shippingQuery=null, preCheckoutQuery=null, poll=null, pollAnswer=null, myChatMember=ChatMemberUpdated(chat=Chat(id=365908607, type=private, title=null, firstName=Макс, lastName=Ротар, userName=make20000, photo=null, description=null, inviteLink=null, pinnedMessage=null, stickerSetName=null, canSetStickerSet=null, permissions=null, slowModeDelay=null, bio=null, linkedChatId=null, location=null, messageAutoDeleteTime=null, hasPrivateForwards=null, HasProtectedContent=null, joinToSendMessages=null, joinByRequest=null), from=User(id=365908607, firstName=Макс, isBot=false, lastName=Ротар, userName=make20000, languageCode=en, canJoinGroups=null, canReadAllGroupMessages=null, supportInlineQueries=null, isPremium=null, addedToAttachmentMenu=null), date=1675891395, oldChatMember=ChatMemberBanned(status=kicked, user=User(id=5813628103, firstName=Bagadelnya, isBot=true, lastName=null, userName=bagadelinya_u_bukivka_bot, languageCode=null, canJoinGroups=null, canReadAllGroupMessages=null, supportInlineQueries=null, isPremium=null, addedToAttachmentMenu=null), untilDate=0), newChatMember=ChatMemberMember(status=member, user=User(id=5813628103, firstName=Bagadelnya, isBot=true, lastName=null, userName=bagadelinya_u_bukivka_bot, languageCode=null, canJoinGroups=null, canReadAllGroupMessages=null, supportInlineQueries=null, isPremium=null, addedToAttachmentMenu=null)), inviteLink=null), chatMember=null, chatJoinRequest=null)
2023-02-08 21:23:15 DEBUG UpdateProducerImpl:19 - /start
2023-02-08 21:28:32 DEBUG UpdateProducerImpl:19 - HELP
2023-02-08 21:28:36 DEBUG UpdateProducerImpl:19 - /HELP
2023-02-08 21:28:39 DEBUG UpdateProducerImpl:19 - /start
2023-02-08 21:28:49 DEBUG UpdateProducerImpl:19 - /cnacel
2023-02-08 21:28:52 DEBUG UpdateProducerImpl:19 - /help
2023-02-08 21:30:02 DEBUG UpdateProducerImpl:19 - /registration
2023-02-08 21:37:04 DEBUG UpdateProducerImpl:19 - "/help"
2023-02-08 21:37:07 DEBUG UpdateProducerImpl:19 - /help
2023-02-08 21:37:12 DEBUG UpdateProducerImpl:19 - /start
2023-02-08 21:51:43 DEBUG UpdateProducerImpl:19 - her
2023-02-08 21:51:48 DEBUG UpdateProducerImpl:19 - /help
2023-02-08 21:51:49 DEBUG UpdateProducerImpl:19 - /help
2023-02-08 21:51:50 DEBUG UpdateProducerImpl:19 - /help
2023-02-08 21:55:54 DEBUG UpdateProducerImpl:19 - /help
2023-02-09 22:31:33 ERROR UpdateController:38 - Unsupported message type is Received: Update(updateId=446305286, message=null, inlineQuery=null, chosenInlineQuery=null, callbackQuery=null, editedMessage=null, channelPost=null, editedChannelPost=null, shippingQuery=null, preCheckoutQuery=null, poll=null, pollAnswer=null, myChatMember=ChatMemberUpdated(chat=Chat(id=365908607, type=private, title=null, firstName=Макс, lastName=Ротар, userName=make20000, photo=null, description=null, inviteLink=null, pinnedMessage=null, stickerSetName=null, canSetStickerSet=null, permissions=null, slowModeDelay=null, bio=null, linkedChatId=null, location=null, messageAutoDeleteTime=null, hasPrivateForwards=null, HasProtectedContent=null, joinToSendMessages=null, joinByRequest=null), from=User(id=365908607, firstName=Макс, isBot=false, lastName=Ротар, userName=make20000, languageCode=en, canJoinGroups=null, canReadAllGroupMessages=null, supportInlineQueries=null, isPremium=null, addedToAttachmentMenu=null), date=1675981893, oldChatMember=ChatMemberMember(status=member, user=User(id=5813628103, firstName=Bagadelnya, isBot=true, lastName=null, userName=bagadelinya_u_bukivka_bot, languageCode=null, canJoinGroups=null, canReadAllGroupMessages=null, supportInlineQueries=null, isPremium=null, addedToAttachmentMenu=null)), newChatMember=ChatMemberBanned(status=kicked, user=User(id=5813628103, firstName=Bagadelnya, isBot=true, lastName=null, userName=bagadelinya_u_bukivka_bot, languageCode=null, canJoinGroups=null, canReadAllGroupMessages=null, supportInlineQueries=null, isPremium=null, addedToAttachmentMenu=null), untilDate=0), inviteLink=null), chatMember=null, chatJoinRequest=null)
2023-02-09 22:31:35 ERROR UpdateController:38 - Unsupported message type is Received: Update(updateId=446305287, message=null, inlineQuery=null, chosenInlineQuery=null, callbackQuery=null, editedMessage=null, channelPost=null, editedChannelPost=null, shippingQuery=null, preCheckoutQuery=null, poll=null, pollAnswer=null, myChatMember=ChatMemberUpdated(chat=Chat(id=365908607, type=private, title=null, firstName=Макс, lastName=Ротар, userName=make20000, photo=null, description=null, inviteLink=null, pinnedMessage=null, stickerSetName=null, canSetStickerSet=null, permissions=null, slowModeDelay=null, bio=null, linkedChatId=null, location=null, messageAutoDeleteTime=null, hasPrivateForwards=null, HasProtectedContent=null, joinToSendMessages=null, joinByRequest=null), from=User(id=365908607, firstName=Макс, isBot=false, lastName=Ротар, userName=make20000, languageCode=en, canJoinGroups=null, canReadAllGroupMessages=null, supportInlineQueries=null, isPremium=null, addedToAttachmentMenu=null), date=1675981895, oldChatMember=ChatMemberBanned(status=kicked, user=User(id=5813628103, firstName=Bagadelnya, isBot=true, lastName=null, userName=bagadelinya_u_bukivka_bot, languageCode=null, canJoinGroups=null, canReadAllGroupMessages=null, supportInlineQueries=null, isPremium=null, addedToAttachmentMenu=null), untilDate=0), newChatMember=ChatMemberMember(status=member, user=User(id=5813628103, firstName=Bagadelnya, isBot=true, lastName=null, userName=bagadelinya_u_bukivka_bot, languageCode=null, canJoinGroups=null, canReadAllGroupMessages=null, supportInlineQueries=null, isPremium=null, addedToAttachmentMenu=null)), inviteLink=null), chatMember=null, chatJoinRequest=null)
2023-02-09 22:31:35 DEBUG UpdateProducerImpl:19 - /start
2023-02-09 22:31:39 DEBUG UpdateProducerImpl:19 - /start
2023-02-09 22:31:42 DEBUG UpdateProducerImpl:19 - /start
2023-02-09 22:32:47 DEBUG UpdateProducerImpl:19 - /registration
2023-02-09 22:42:12 DEBUG UpdateProducerImpl:19 - /registration
2023-02-09 22:45:23 ERROR UpdateController:38 - Unsupported message type is Received: Update(updateId=446305293, message=null, inlineQuery=null, chosenInlineQuery=null, callbackQuery=null, editedMessage=null, channelPost=null, editedChannelPost=null, shippingQuery=null, preCheckoutQuery=null, poll=null, pollAnswer=null, myChatMember=ChatMemberUpdated(chat=Chat(id=365908607, type=private, title=null, firstName=Макс, lastName=Ротар, userName=make20000, photo=null, description=null, inviteLink=null, pinnedMessage=null, stickerSetName=null, canSetStickerSet=null, permissions=null, slowModeDelay=null, bio=null, linkedChatId=null, location=null, messageAutoDeleteTime=null, hasPrivateForwards=null, HasProtectedContent=null, joinToSendMessages=null, joinByRequest=null), from=User(id=365908607, firstName=Макс, isBot=false, lastName=Ротар, userName=make20000, languageCode=en, canJoinGroups=null, canReadAllGroupMessages=null, supportInlineQueries=null, isPremium=null, addedToAttachmentMenu=null), date=1675982723, oldChatMember=ChatMemberMember(status=member, user=User(id=5813628103, firstName=Bagadelnya, isBot=true, lastName=null, userName=bagadelinya_u_bukivka_bot, languageCode=null, canJoinGroups=null, canReadAllGroupMessages=null, supportInlineQueries=null, isPremium=null, addedToAttachmentMenu=null)), newChatMember=ChatMemberBanned(status=kicked, user=User(id=5813628103, firstName=Bagadelnya, isBot=true, lastName=null, userName=bagadelinya_u_bukivka_bot, languageCode=null, canJoinGroups=null, canReadAllGroupMessages=null, supportInlineQueries=null, isPremium=null, addedToAttachmentMenu=null), untilDate=0), inviteLink=null), chatMember=null, chatJoinRequest=null)
2023-02-09 22:45:24 ERROR UpdateController:38 - Unsupported message type is Received: Update(updateId=446305294, message=null, inlineQuery=null, chosenInlineQuery=null, callbackQuery=null, editedMessage=null, channelPost=null, editedChannelPost=null, shippingQuery=null, preCheckoutQuery=null, poll=null, pollAnswer=null, myChatMember=ChatMemberUpdated(chat=Chat(id=365908607, type=private, title=null, firstName=Макс, lastName=Ротар, userName=make20000, photo=null, description=null, inviteLink=null, pinnedMessage=null, stickerSetName=null, canSetStickerSet=null, permissions=null, slowModeDelay=null, bio=null, linkedChatId=null, location=null, messageAutoDeleteTime=null, hasPrivateForwards=null, HasProtectedContent=null, joinToSendMessages=null, joinByRequest=null), from=User(id=365908607, firstName=Макс, isBot=false, lastName=Ротар, userName=make20000, languageCode=en, canJoinGroups=null, canReadAllGroupMessages=null, supportInlineQueries=null, isPremium=null, addedToAttachmentMenu=null), date=1675982724, oldChatMember=ChatMemberBanned(status=kicked, user=User(id=5813628103, firstName=Bagadelnya, isBot=true, lastName=null, userName=bagadelinya_u_bukivka_bot, languageCode=null, canJoinGroups=null, canReadAllGroupMessages=null, supportInlineQueries=null, isPremium=null, addedToAttachmentMenu=null), untilDate=0), newChatMember=ChatMemberMember(status=member, user=User(id=5813628103, firstName=Bagadelnya, isBot=true, lastName=null, userName=bagadelinya_u_bukivka_bot, languageCode=null, canJoinGroups=null, canReadAllGroupMessages=null, supportInlineQueries=null, isPremium=null, addedToAttachmentMenu=null)), inviteLink=null), chatMember=null, chatJoinRequest=null)
2023-02-09 22:45:24 DEBUG UpdateProducerImpl:19 - /start
2023-02-09 22:45:29 DEBUG UpdateProducerImpl:19 - /help
2023-02-09 22:46:42 ERROR UpdateController:38 - Unsupported message type is Received: Update(updateId=446305297, message=null, inlineQuery=null, chosenInlineQuery=null, callbackQuery=null, editedMessage=null, channelPost=null, editedChannelPost=null, shippingQuery=null, preCheckoutQuery=null, poll=null, pollAnswer=null, myChatMember=ChatMemberUpdated(chat=Chat(id=365908607, type=private, title=null, firstName=Макс, lastName=Ротар, userName=make20000, photo=null, description=null, inviteLink=null, pinnedMessage=null, stickerSetName=null, canSetStickerSet=null, permissions=null, slowModeDelay=null, bio=null, linkedChatId=null, location=null, messageAutoDeleteTime=null, hasPrivateForwards=null, HasProtectedContent=null, joinToSendMessages=null, joinByRequest=null), from=User(id=365908607, firstName=Макс, isBot=false, lastName=Ротар, userName=make20000, languageCode=en, canJoinGroups=null, canReadAllGroupMessages=null, supportInlineQueries=null, isPremium=null, addedToAttachmentMenu=null), date=1675982802, oldChatMember=ChatMemberMember(status=member, user=User(id=5813628103, firstName=Bagadelnya, isBot=true, lastName=null, userName=bagadelinya_u_bukivka_bot, languageCode=null, canJoinGroups=null, canReadAllGroupMessages=null, supportInlineQueries=null, isPremium=null, addedToAttachmentMenu=null)), newChatMember=ChatMemberBanned(status=kicked, user=User(id=5813628103, firstName=Bagadelnya, isBot=true, lastName=null, userName=bagadelinya_u_bukivka_bot, languageCode=null, canJoinGroups=null, canReadAllGroupMessages=null, supportInlineQueries=null, isPremium=null, addedToAttachmentMenu=null), untilDate=0), inviteLink=null), chatMember=null, chatJoinRequest=null)
2023-02-09 22:46:44 ERROR UpdateController:38 - Unsupported message type is Received: Update(updateId=446305298, message=null, inlineQuery=null, chosenInlineQuery=null, callbackQuery=null, editedMessage=null, channelPost=null, editedChannelPost=null, shippingQuery=null, preCheckoutQuery=null, poll=null, pollAnswer=null, myChatMember=ChatMemberUpdated(chat=Chat(id=365908607, type=private, title=null, firstName=Макс, lastName=Ротар, userName=make20000, photo=null, description=null, inviteLink=null, pinnedMessage=null, stickerSetName=null, canSetStickerSet=null, permissions=null, slowModeDelay=null, bio=null, linkedChatId=null, location=null, messageAutoDeleteTime=null, hasPrivateForwards=null, HasProtectedContent=null, joinToSendMessages=null, joinByRequest=null), from=User(id=365908607, firstName=Макс, isBot=false, lastName=Ротар, userName=make20000, languageCode=en, canJoinGroups=null, canReadAllGroupMessages=null, supportInlineQueries=null, isPremium=null, addedToAttachmentMenu=null), date=1675982804, oldChatMember=ChatMemberBanned(status=kicked, user=User(id=5813628103, firstName=Bagadelnya, isBot=true, lastName=null, userName=bagadelinya_u_bukivka_bot, languageCode=null, canJoinGroups=null, canReadAllGroupMessages=null, supportInlineQueries=null, isPremium=null, addedToAttachmentMenu=null), untilDate=0), newChatMember=ChatMemberMember(status=member, user=User(id=5813628103, firstName=Bagadelnya, isBot=true, lastName=null, userName=bagadelinya_u_bukivka_bot, languageCode=null, canJoinGroups=null, canReadAllGroupMessages=null, supportInlineQueries=null, isPremium=null, addedToAttachmentMenu=null)), inviteLink=null), chatMember=null, chatJoinRequest=null)
2023-02-09 22:46:44 DEBUG UpdateProducerImpl:19 - /start
2023-02-09 22:46:46 DEBUG UpdateProducerImpl:19 - /help
2023-02-09 22:46:49 DEBUG UpdateProducerImpl:19 - /registration
2023-02-09 22:46:52 DEBUG UpdateProducerImpl:19 - /cancel
2023-02-09 22:47:03 DEBUG UpdateProducerImpl:19 - 
2023-02-09 22:47:54 DEBUG UpdateProducerImpl:19 - 
2023-02-12 21:38:29 DEBUG UpdateProducerImpl:19 - 
2023-02-15 21:29:34 DEBUG UpdateProducerImpl:19 - 
2023-02-15 21:29:44 DEBUG UpdateProducerImpl:19 - 
2023-02-15 21:32:40 DEBUG UpdateProducerImpl:19 - 
2023-02-15 21:32:48 DEBUG UpdateProducerImpl:19 - 
2023-02-15 22:02:20 DEBUG UpdateProducerImpl:19 - 
2023-02-15 22:05:33 DEBUG UpdateProducerImpl:19 - hey
2023-02-15 22:05:35 DEBUG UpdateProducerImpl:19 - /help
2023-02-15 22:05:36 DEBUG UpdateProducerImpl:19 - /registration
2023-02-15 22:05:39 DEBUG UpdateProducerImpl:19 - /registration
2023-02-15 22:05:41 DEBUG UpdateProducerImpl:19 - /cancel
2023-02-15 22:08:00 DEBUG UpdateProducerImpl:19 - 
2023-02-15 22:49:51 DEBUG UpdateProducerImpl:19 - 
2023-02-16 22:30:22 DEBUG UpdateProducerImpl:19 - 
2023-02-16 22:30:30 DEBUG UpdateProducerImpl:19 - 
2023-02-16 22:30:43 DEBUG UpdateProducerImpl:19 - 
2023-02-16 22:30:52 DEBUG UpdateProducerImpl:19 - 
2023-02-16 22:36:18 DEBUG UpdateProducerImpl:19 - 
2023-02-16 22:36:23 DEBUG UpdateProducerImpl:19 - 
2023-02-16 22:40:59 DEBUG UpdateProducerImpl:19 - 
2023-02-16 22:41:20 DEBUG UpdateProducerImpl:19 - 
2023-02-16 22:44:54 DEBUG UpdateProducerImpl:19 - 
2023-02-16 22:45:00 DEBUG UpdateProducerImpl:19 - 
2023-02-16 22:46:22 DEBUG UpdateProducerImpl:19 - 
2023-02-16 22:46:29 DEBUG UpdateProducerImpl:19 - 
2023-02-19 12:13:31 DEBUG UpdateProducerImpl:19 - hello
2023-02-19 12:13:35 DEBUG UpdateProducerImpl:19 - /help
2023-02-19 12:13:36 DEBUG UpdateProducerImpl:19 - /cancel
2023-02-19 12:13:44 DEBUG UpdateProducerImpl:19 - 
2023-02-19 12:16:37 DEBUG UpdateProducerImpl:19 - 
2023-02-19 12:22:43 DEBUG UpdateProducerImpl:19 - hello
2023-02-19 19:30:17 DEBUG UpdateProducerImpl:19 - /help
2023-02-19 19:30:46 DEBUG UpdateProducerImpl:19 - 
2023-02-19 19:34:47 DEBUG UpdateProducerImpl:19 - /cancel
2023-02-19 19:34:47 DEBUG UpdateProducerImpl:19 - /registration
2023-02-19 19:36:24 DEBUG UpdateProducerImpl:19 - /cancel
2023-02-19 19:37:31 DEBUG UpdateProducerImpl:19 - /cancel
2023-02-20 21:17:20 DEBUG UpdateProducerImpl:19 - 
2023-02-20 21:17:34 DEBUG UpdateProducerImpl:19 - 
2023-02-20 21:22:49 DEBUG UpdateProducerImpl:19 - 
2023-02-20 21:22:59 DEBUG UpdateProducerImpl:19 - 
2023-02-20 21:30:21 DEBUG UpdateProducerImpl:19 - 
2023-02-20 21:30:31 DEBUG UpdateProducerImpl:19 - 
2023-02-20 21:33:20 DEBUG UpdateProducerImpl:19 - 
2023-02-20 21:33:54 DEBUG UpdateProducerImpl:19 - 
2023-02-20 21:39:55 DEBUG UpdateProducerImpl:19 - 
2023-02-21 21:13:45 DEBUG UpdateProducerImpl:19 - 
2023-02-21 21:15:13 DEBUG UpdateProducerImpl:19 - 
2023-02-21 21:18:10 DEBUG UpdateProducerImpl:19 - 
2023-02-21 21:18:21 DEBUG UpdateProducerImpl:19 - 
2023-02-21 21:33:05 DEBUG UpdateProducerImpl:19 - 
2023-02-21 21:34:52 DEBUG UpdateProducerImpl:19 - 
2023-02-21 21:35:16 DEBUG UpdateProducerImpl:19 - 
2023-02-21 21:37:16 DEBUG UpdateProducerImpl:19 - /cancel
2023-02-21 21:37:20 DEBUG UpdateProducerImpl:19 - /cancel
2023-02-21 21:37:22 DEBUG UpdateProducerImpl:19 - ghcdh
2023-02-21 21:37:26 DEBUG UpdateProducerImpl:19 - /help
2023-02-21 21:37:30 DEBUG UpdateProducerImpl:19 - /registration
2023-02-25 21:30:22 DEBUG UpdateProducerImpl:19 - 
2023-02-25 21:32:48 DEBUG UpdateProducerImpl:19 - 
2023-02-25 21:32:56 DEBUG UpdateProducerImpl:19 - ss
2023-02-25 21:32:57 DEBUG UpdateProducerImpl:19 - /help
2023-02-25 21:32:59 DEBUG UpdateProducerImpl:19 - /registration
2023-02-25 21:38:10 DEBUG UpdateProducerImpl:19 - 
2023-02-25 21:38:13 DEBUG UpdateProducerImpl:19 - db
2023-02-25 21:38:15 DEBUG UpdateProducerImpl:19 - /help
2023-02-25 21:38:16 DEBUG UpdateProducerImpl:19 - /registration
2023-02-25 21:38:25 DEBUG UpdateProducerImpl:19 - maxim2320s
2023-02-25 21:38:30 DEBUG UpdateProducerImpl:19 - /cancel
2023-02-25 21:38:36 DEBUG UpdateProducerImpl:19 - /help
2023-02-25 21:38:38 DEBUG UpdateProducerImpl:19 - /registration
2023-02-25 21:38:59 DEBUG UpdateProducerImpl:19 - maxim20003244@gmail.com
2023-02-25 21:39:44 DEBUG UpdateProducerImpl:19 - /help
2023-02-25 21:39:45 DEBUG UpdateProducerImpl:19 - /registration
2023-02-25 21:47:02 DEBUG UpdateProducerImpl:19 - 
2023-02-25 22:14:07 DEBUG UpdateProducerImpl:19 - 
